<?xml version="1.0" encoding="UTF-8"?>
<testng-results ignored="0" total="1" passed="1" failed="0" skipped="0">
  <reporter-output>
  </reporter-output>
  <suite started-at="2026-06-02T12:35:17 IST" name="HybridFrameworkSuite" finished-at="2026-06-02T12:35:38 IST" duration-ms="21115">
    <groups>
    </groups>
    <test started-at="2026-06-02T12:35:17 IST" name="Demo Form Signup Test" finished-at="2026-06-02T12:35:38 IST" duration-ms="21115">
      <class name="com.example.testcases.SignUpTest">
        <test-method is-config="true" signature="setUp()[pri:0, instance:com.example.testcases.SignUpTest@6973b51b]" started-at="2026-06-02T12:35:17 IST" name="setUp" finished-at="2026-06-02T12:35:20 IST" duration-ms="2884" status="PASS">
          <reporter-output>
          </reporter-output>
        </test-method> <!-- setUp -->
        <test-method signature="verifySignUpPage()[pri:0, instance:com.example.testcases.SignUpTest@6973b51b]" started-at="2026-06-02T12:35:20 IST" name="verifySignUpPage" finished-at="2026-06-02T12:35:32 IST" duration-ms="11865" status="PASS">
          <reporter-output>
          </reporter-output>
        </test-method> <!-- verifySignUpPage -->
        <test-method is-config="true" signature="tearDown()[pri:0, instance:com.example.testcases.SignUpTest@6973b51b]" started-at="2026-06-02T12:35:32 IST" name="tearDown" finished-at="2026-06-02T12:35:38 IST" duration-ms="6299" status="PASS">
          <reporter-output>
          </reporter-output>
        </test-method> <!-- tearDown -->
      </class> <!-- com.example.testcases.SignUpTest -->
    </test> <!-- Demo Form Signup Test -->
  </suite> <!-- HybridFrameworkSuite -->
</testng-results>
