<?xml version="1.0" encoding="UTF-8"?>
<!-- Generated by org.testng.reporters.JUnitXMLReporter -->
<testsuite ignored="0" hostname="LTIN654185" failures="1" tests="2" name="Login and Booking Tests" time="11.855" errors="0" timestamp="2026-06-02T12:01:55 IST">
  <testcase classname="com.example.testcases.BookingTest" name="loginTest" time="6.06">
    <failure type="java.lang.RuntimeException" message="Could not find element from xpaths: //input[@type=&amp;apos;email&amp;apos;], //input[@name=&amp;apos;username&amp;apos;], //input[@id=&amp;apos;username&amp;apos;], //input[@name=&amp;apos;email&amp;apos;], //input[@id=&amp;apos;email&amp;apos;], //input[contains(@placeholder,&amp;apos;Email&amp;apos;) or contains(@placeholder,&amp;apos;email&amp;apos;) or contains(@placeholder,&amp;apos;Username&amp;apos;)]">
      <![CDATA[java.lang.RuntimeException: Could not find element from xpaths: //input[@type='email'], //input[@name='username'], //input[@id='username'], //input[@name='email'], //input[@id='email'], //input[contains(@placeholder,'Email') or contains(@placeholder,'email') or contains(@placeholder,'Username')]
at com.example.Pages.LoginPage.findInput(LoginPage.java:75)
at com.example.Pages.LoginPage.login(LoginPage.java:29)
at com.example.testcases.BookingTest.loginTest(BookingTest.java:22)
at java.base/java.util.ArrayList.forEach(ArrayList.java:1596)
... Removed 29 stack frames]]>
    </failure>
  </testcase> <!-- loginTest -->
  <testcase classname="com.example.testcases.BookingTest" name="searchAndBookHotel" time="0.0">
    <skipped/>
  </testcase> <!-- searchAndBookHotel -->
</testsuite> <!-- Login and Booking Tests -->
